timestamp: 2014-03-30T00:04:48.613437
CREATE TABLE auth_user(
    id INTEGER PRIMARY KEY AUTOINCREMENT,
    first_name CHAR(128),
    last_name CHAR(128),
    email CHAR(512),
    password CHAR(512),
    registration_key CHAR(512),
    reset_password_key CHAR(512),
    registration_id CHAR(512)
);
success!
timestamp: 2014-03-30T00:04:48.649638
CREATE TABLE auth_group(
    id INTEGER PRIMARY KEY AUTOINCREMENT,
    role CHAR(512),
    description TEXT
);
success!
timestamp: 2014-03-30T00:04:48.651962
CREATE TABLE auth_membership(
    id INTEGER PRIMARY KEY AUTOINCREMENT,
    user_id INTEGER REFERENCES auth_user (id) ON DELETE CASCADE,
    group_id INTEGER REFERENCES auth_group (id) ON DELETE CASCADE
);
success!
timestamp: 2014-03-30T00:04:48.655202
CREATE TABLE auth_permission(
    id INTEGER PRIMARY KEY AUTOINCREMENT,
    group_id INTEGER REFERENCES auth_group (id) ON DELETE CASCADE,
    name CHAR(512),
    table_name CHAR(512),
    record_id INTEGER
);
success!
timestamp: 2014-03-30T00:04:48.659020
CREATE TABLE auth_event(
    id INTEGER PRIMARY KEY AUTOINCREMENT,
    time_stamp TIMESTAMP,
    client_ip CHAR(512),
    user_id INTEGER REFERENCES auth_user (id) ON DELETE CASCADE,
    origin CHAR(512),
    description TEXT
);
success!
timestamp: 2014-03-30T00:04:48.662873
CREATE TABLE auth_cas(
    id INTEGER PRIMARY KEY AUTOINCREMENT,
    user_id INTEGER REFERENCES auth_user (id) ON DELETE CASCADE,
    created_on TIMESTAMP,
    service CHAR(512),
    ticket CHAR(512),
    renew CHAR(1)
);
success!
timestamp: 2014-03-30T00:04:48.665912
CREATE TABLE image(
    id INTEGER PRIMARY KEY AUTOINCREMENT,
    title CHAR(512),
    file CHAR(512)
);
success!
timestamp: 2014-03-30T00:04:48.669822
CREATE TABLE image_comment(
    id INTEGER PRIMARY KEY AUTOINCREMENT,
    image_id INTEGER REFERENCES image (id) ON DELETE CASCADE,
    author_id INTEGER REFERENCES auth_user (id) ON DELETE CASCADE,
    email CHAR(512),
    body TEXT,
    date_of_entry TIMESTAMP
);
success!
timestamp: 2014-03-30T00:04:48.676250
CREATE TABLE writing(
    id INTEGER PRIMARY KEY AUTOINCREMENT,
    title CHAR(512),
    body TEXT
);
success!
timestamp: 2014-03-30T00:04:48.679576
CREATE TABLE writing_comment(
    id INTEGER PRIMARY KEY AUTOINCREMENT,
    writing_id INTEGER REFERENCES writing (id) ON DELETE CASCADE,
    author_id INTEGER REFERENCES auth_user (id) ON DELETE CASCADE,
    email CHAR(512),
    body TEXT,
    date_of_entry TIMESTAMP
);
success!
timestamp: 2014-03-30T00:04:48.682265
CREATE TABLE video(
    id INTEGER PRIMARY KEY AUTOINCREMENT,
    title CHAR(512),
    url_str CHAR(512)
);
success!
timestamp: 2014-03-30T00:04:48.685110
CREATE TABLE video_comment(
    id INTEGER PRIMARY KEY AUTOINCREMENT,
    video_id INTEGER REFERENCES video (id) ON DELETE CASCADE,
    author_id INTEGER REFERENCES auth_user (id) ON DELETE CASCADE,
    email CHAR(512),
    body TEXT,
    date_of_entry TIMESTAMP
);
success!
timestamp: 2014-04-30T13:52:17.105675
ALTER TABLE image ADD author_id INTEGER REFERENCES auth_user (id) ON DELETE CASCADE;
timestamp: 2014-06-09T09:03:00.731847
ALTER TABLE writing ADD author_id INTEGER REFERENCES auth_user (id) ON DELETE CASCADE;
timestamp: 2014-06-09T09:03:00.782571
ALTER TABLE video ADD author_id INTEGER REFERENCES auth_user (id) ON DELETE CASCADE;
timestamp: 2014-06-09T09:41:43.695633
ALTER TABLE image ADD approved CHAR(1);
timestamp: 2014-06-09T09:41:43.717096
ALTER TABLE writing ADD approved CHAR(1);
timestamp: 2014-06-09T09:41:43.724390
ALTER TABLE video ADD approved CHAR(1);
