[2014-03-29 23:56:51] START
[2014-03-29 23:58:52] EDIT Final_Impulse/models/db.py: 28
[2014-03-29 23:59:15] EDIT Final_Impulse/models/db.py: -1
[2014-03-30 00:00:28] EDIT Final_Impulse/controllers/default.py: 57
[2014-03-30 00:00:52] EDIT Final_Impulse/controllers/default.py: -2
[2014-03-30 00:01:29] EDIT Final_Impulse/controllers/default.py: -16
[2014-03-30 00:02:15] EDIT Final_Impulse/views/default/index.html: -28
[2014-03-30 00:02:22] EDIT Final_Impulse/views/default/index.html: 0
[2014-03-30 00:02:56] CREATE default/show_image_comments.html: 0
[2014-03-30 00:03:21] EDIT Final_Impulse/views/default/show_image_comments.html: 30
[2014-03-30 00:03:34] EDIT Final_Impulse/views/default/show_image_comments.html: 0
[2014-03-30 00:03:47] CREATE default/show_video_comments.html: 0
[2014-03-30 00:03:58] EDIT Final_Impulse/views/default/show_video_comments.html: 28
[2014-03-30 00:04:31] CREATE default/show_writing_comments.html: 0
[2014-03-30 00:04:36] EDIT Final_Impulse/views/default/show_writing_comments.html: 28
[2014-03-30 00:12:13] EDIT Final_Impulse/controllers/default.py: 0
[2014-03-30 00:12:32] EDIT Final_Impulse/controllers/default.py: 0
[2014-03-30 00:13:04] EDIT Final_Impulse/controllers/default.py: 0
[2014-03-30 00:17:57] EDIT Final_Impulse/controllers/default.py: 2
[2014-03-30 00:19:15] EDIT Final_Impulse/controllers/default.py: -2
[2014-03-30 00:22:01] EDIT Final_Impulse/views/default/show_video_comments.html: 3
[2014-03-30 00:22:33] EDIT Final_Impulse/views/default/show_video_comments.html: -3
[2014-03-30 00:24:00] EDIT Final_Impulse/views/default/show_video_comments.html: 3
[2014-03-30 00:24:23] EDIT Final_Impulse/views/default/show_video_comments.html: -3
[2014-03-30 00:24:26] EDIT Final_Impulse/views/default/show_video_comments.html: 0
[2014-03-30 00:26:00] EDIT Final_Impulse/views/default/show_image_comments.html: 0
[2014-03-30 00:26:35] EDIT Final_Impulse/views/default/show_image_comments.html: -5
[2014-03-30 00:30:32] EDIT Final_Impulse/views/default/show_writing_comments.html: 0
[2014-03-30 14:40:17] EDIT Final_Impulse/views/default/show_image_comments.html: 0
[2014-03-30 14:40:46] EDIT Final_Impulse/views/default/show_image_comments.html: 0
[2014-03-30 14:41:17] EDIT Final_Impulse/views/default/show_image_comments.html: 0
[2014-03-30 14:41:36] EDIT Final_Impulse/views/default/show_image_comments.html: 0
[2014-03-30 14:41:55] EDIT Final_Impulse/views/default/show_video_comments.html: 0
[2014-03-30 14:42:13] EDIT Final_Impulse/views/default/show_writing_comments.html: 0
[2014-03-30 14:42:39] EDIT Final_Impulse/views/default/show_writing_comments.html: 0
[2014-03-30 14:57:41] EDIT Final_Impulse/views/layout.html: 9
[2014-03-30 14:59:49] EDIT Final_Impulse/views/layout.html: 0
[2014-03-30 15:00:37] EDIT Final_Impulse/views/layout.html: 0
[2014-03-30 15:01:22] EDIT Final_Impulse/views/layout.html: 0
[2014-03-30 16:54:58] EDIT Final_Impulse/views/layout.html: 0
[2014-03-30 16:55:44] EDIT Final_Impulse/views/layout.html: 0
[2014-03-30 16:56:36] EDIT Final_Impulse/views/layout.html: 0
[2014-03-30 16:57:05] EDIT Final_Impulse/views/layout.html: 0
[2014-03-30 17:24:27] EDIT Final_Impulse/views/layout.html: 0
[2014-04-01 23:33:53] EDIT Final_Impulse/views/default/show_image_comments.html: -2
[2014-04-01 23:36:00] EDIT Final_Impulse/views/default/show_image_comments.html: -1
[2014-04-01 23:42:15] EDIT Final_Impulse/views/default/show_image_comments.html: 0
[2014-04-08 13:06:15] EDIT Final_Impulse/views/default/show_writing_comments.html: -2
[2014-04-08 13:07:06] EDIT Final_Impulse/views/default/show_writing_comments.html: 0
[2014-04-08 13:07:36] EDIT Final_Impulse/views/default/show_writing_comments.html: -4
[2014-04-08 13:08:53] EDIT Final_Impulse/views/default/show_writing_comments.html: 0
[2014-04-08 13:08:56] EDIT Final_Impulse/views/default/show_writing_comments.html: 0
[2014-04-08 13:08:59] EDIT Final_Impulse/views/default/show_writing_comments.html: 0
[2014-04-08 13:09:28] EDIT Final_Impulse/views/default/show_writing_comments.html: 0
[2014-04-08 13:10:21] EDIT Final_Impulse/views/default/show_writing_comments.html: 0
[2014-04-08 13:20:46] EDIT Final_Impulse/views/default/show_writing_comments.html: 6
[2014-04-08 13:21:28] EDIT Final_Impulse/views/default/show_writing_comments.html: 0
[2014-04-08 13:25:23] EDIT Final_Impulse/views/default/show_writing_comments.html: 2
[2014-04-08 13:25:57] EDIT Final_Impulse/views/default/show_writing_comments.html: 0
[2014-04-08 13:32:13] EDIT Final_Impulse/views/default/show_writing_comments.html: 0
[2014-04-08 13:33:00] EDIT Final_Impulse/views/default/show_writing_comments.html: 0
[2014-04-08 14:02:03] EDIT Final_Impulse/controllers/default.py: -2
[2014-04-08 14:02:14] EDIT Final_Impulse/controllers/default.py: 0
[2014-04-08 14:03:34] EDIT Final_Impulse/controllers/default.py: 0
[2014-04-08 14:04:15] EDIT Final_Impulse/views/default/show_writing_comments.html: 0
[2014-04-08 14:09:31] EDIT Final_Impulse/controllers/default.py: 0
[2014-04-08 15:09:46] EDIT Final_Impulse/controllers/default.py: 3
[2014-04-08 15:11:00] EDIT Final_Impulse/controllers/default.py: 0
[2014-04-08 15:12:04] EDIT Final_Impulse/views/default/show_writing_comments.html: 0
[2014-04-08 15:12:29] EDIT Final_Impulse/views/default/show_writing_comments.html: 0
[2014-04-08 15:12:38] EDIT Final_Impulse/views/default/show_writing_comments.html: 0
[2014-04-08 15:14:13] EDIT Final_Impulse/controllers/default.py: 1
[2014-04-08 15:15:12] EDIT Final_Impulse/controllers/default.py: 2
[2014-04-08 15:15:37] EDIT Final_Impulse/controllers/default.py: 0
[2014-04-08 15:18:48] EDIT Final_Impulse/controllers/default.py: 0
[2014-04-16 22:16:03] EDIT Final_Impulse/views/default/show_image_comments.html: 0
[2014-04-16 22:19:13] EDIT Final_Impulse/views/default/show_image_comments.html: 6
[2014-04-16 22:20:50] EDIT Final_Impulse/views/default/show_image_comments.html: 0
[2014-04-16 22:21:10] EDIT Final_Impulse/controllers/default.py: 15
[2014-04-16 22:21:18] EDIT Final_Impulse/controllers/default.py: 0
[2014-04-16 22:21:25] EDIT Final_Impulse/views/default/show_image_comments.html: 0
[2014-04-16 22:21:53] EDIT Final_Impulse/controllers/default.py: 0
[2014-04-16 22:22:38] EDIT Final_Impulse/views/default/show_image_comments.html: 0
[2014-04-16 22:23:41] EDIT Final_Impulse/views/default/show_image_comments.html: 0
[2014-04-16 22:23:59] EDIT Final_Impulse/views/default/show_image_comments.html: 0
[2014-04-16 22:24:39] EDIT Final_Impulse/views/default/show_image_comments.html: 1
[2014-04-16 22:25:12] EDIT Final_Impulse/views/default/show_image_comments.html: 0
[2014-04-16 22:25:16] EDIT Final_Impulse/views/default/show_image_comments.html: -1
[2014-04-16 22:25:26] EDIT Final_Impulse/views/default/show_image_comments.html: 0
[2014-04-16 22:26:13] EDIT Final_Impulse/views/default/show_image_comments.html: 0
[2014-04-16 22:26:50] EDIT Final_Impulse/views/default/show_image_comments.html: 0
[2014-04-16 22:28:33] EDIT Final_Impulse/views/default/show_video_comments.html: 8
[2014-04-16 22:28:42] EDIT Final_Impulse/views/default/show_video_comments.html: 0
[2014-04-16 22:29:35] EDIT Final_Impulse/controllers/default.py: 14
[2014-04-16 22:30:02] EDIT Final_Impulse/views/default/show_video_comments.html: 0
[2014-04-16 22:30:14] EDIT Final_Impulse/views/default/show_video_comments.html: 0
[2014-04-16 22:31:20] EDIT Final_Impulse/views/default/show_video_comments.html: -6
[2014-04-16 22:32:24] EDIT Final_Impulse/views/default/show_video_comments.html: 0
[2014-04-17 12:53:50] EDIT Final_Impulse/views/default/index.html: 1
[2014-04-17 12:54:10] EDIT Final_Impulse/views/default/index.html: 0
[2014-04-17 12:54:33] EDIT Final_Impulse/views/default/index.html: 0
[2014-04-17 12:55:19] EDIT Final_Impulse/views/default/index.html: 0
[2014-04-17 12:57:44] EDIT Final_Impulse/controllers/default.py: -3
[2014-04-17 12:57:53] EDIT Final_Impulse/controllers/default.py: 0
[2014-04-17 12:58:46] EDIT Final_Impulse/controllers/default.py: 0
[2014-04-17 12:58:52] EDIT Final_Impulse/controllers/default.py: 0
[2014-04-17 12:59:32] EDIT Final_Impulse/views/default/show_image_comments.html: 0
[2014-04-17 13:00:04] EDIT Final_Impulse/views/default/show_image_comments.html: 0
[2014-04-17 13:00:25] EDIT Final_Impulse/views/default/show_image_comments.html: 0
[2014-04-17 13:03:43] EDIT Final_Impulse/views/default/show_image_comments.html: 0
[2014-04-17 13:04:10] EDIT Final_Impulse/views/default/show_video_comments.html: 0
[2014-04-17 13:04:24] EDIT Final_Impulse/views/default/show_writing_comments.html: 0
[2014-04-17 13:05:10] EDIT Final_Impulse/views/default/show_writing_comments.html: 0
[2014-04-17 13:05:22] EDIT Final_Impulse/views/default/show_image_comments.html: 0
[2014-04-17 13:05:40] EDIT Final_Impulse/views/default/show_image_comments.html: 0
[2014-04-17 13:06:05] EDIT Final_Impulse/views/default/show_image_comments.html: 0
[2014-04-17 13:06:20] EDIT Final_Impulse/views/default/show_image_comments.html: 0
[2014-04-17 13:06:35] EDIT Final_Impulse/views/default/show_image_comments.html: 0
[2014-04-17 13:08:17] EDIT Final_Impulse/views/default/show_image_comments.html: 0
[2014-04-17 13:08:39] EDIT Final_Impulse/views/default/show_image_comments.html: 0
[2014-04-17 13:11:22] EDIT Final_Impulse/views/default/show_image_comments.html: 0
[2014-04-17 13:17:28] EDIT Final_Impulse/views/layout.html: -2
[2014-04-17 13:17:28] EDIT Final_Impulse/views/layout.html: 0
[2014-04-17 13:17:28] EDIT Final_Impulse/views/layout.html: 0
[2014-04-17 13:17:37] EDIT Final_Impulse/views/layout.html: 0
[2014-04-17 13:18:26] EDIT Final_Impulse/views/layout.html: 0
[2014-04-17 13:24:43] EDIT Final_Impulse/views/layout.html: 1
[2014-04-17 13:27:14] EDIT Final_Impulse/views/default/index.html: 0
[2014-04-17 13:28:01] EDIT Final_Impulse/views/layout.html: 0
[2014-04-17 13:41:34] EDIT Final_Impulse/views/default/show_video_comments.html: 0
[2014-04-17 13:42:16] EDIT Final_Impulse/views/default/show_video_comments.html: 0
[2014-04-17 13:42:42] EDIT Final_Impulse/views/default/show_video_comments.html: 0
[2014-04-17 13:42:45] EDIT Final_Impulse/views/default/show_video_comments.html: 0
[2014-04-17 13:43:21] EDIT Final_Impulse/views/default/show_video_comments.html: 0
[2014-04-17 13:43:30] EDIT Final_Impulse/views/default/show_video_comments.html: 0
[2014-04-17 13:44:14] EDIT Final_Impulse/views/default/index.html: 2
[2014-04-17 13:45:10] EDIT Final_Impulse/views/layout.html: 0
[2014-04-17 13:45:20] EDIT Final_Impulse/views/layout.html: 0
[2014-04-17 13:46:17] EDIT Final_Impulse/views/layout.html: 0
[2014-04-17 13:46:43] EDIT Final_Impulse/views/layout.html: 0
[2014-04-17 13:46:48] EDIT Final_Impulse/views/layout.html: 0
[2014-04-17 13:47:13] EDIT Final_Impulse/views/layout.html: 0
[2014-04-17 13:47:37] EDIT Final_Impulse/views/default/index.html: 1
[2014-04-17 13:48:03] EDIT Final_Impulse/views/default/show_image_comments.html: 2
[2014-04-17 13:57:53] EDIT Final_Impulse/views/default/show_video_comments.html: 0
[2014-04-17 14:02:18] EDIT Final_Impulse/views/default/show_video_comments.html: 10
[2014-04-17 14:02:46] EDIT Final_Impulse/views/default/show_video_comments.html: 0
[2014-04-17 14:02:53] EDIT Final_Impulse/views/default/show_video_comments.html: 0
[2014-04-30 07:57:30] EDIT Final_Impulse/views/default/show_video_comments.html: -1
[2014-04-30 07:58:13] EDIT Final_Impulse/views/default/show_video_comments.html: 1
[2014-04-30 07:58:26] EDIT Final_Impulse/views/default/show_video_comments.html: 0
[2014-04-30 13:05:27] EDIT Final_Impulse/views/default/show_video_comments.html: 2
[2014-04-30 13:08:11] EDIT Final_Impulse/views/default/show_video_comments.html: -1
[2014-04-30 13:08:37] EDIT Final_Impulse/views/default/show_video_comments.html: 1
[2014-04-30 13:09:59] EDIT Final_Impulse/views/default/show_video_comments.html: 0
[2014-04-30 13:13:27] EDIT Final_Impulse/views/default/show_video_comments.html: -2
[2014-04-30 13:14:23] EDIT Final_Impulse/views/default/show_video_comments.html: 0
[2014-04-30 13:14:29] EDIT Final_Impulse/views/default/show_video_comments.html: -1
[2014-04-30 13:14:51] EDIT Final_Impulse/views/default/show_video_comments.html: 1
[2014-04-30 13:16:19] EDIT Final_Impulse/views/default/show_video_comments.html: -3
[2014-04-30 13:18:40] EDIT Final_Impulse/views/default/show_video_comments.html: 1
[2014-04-30 13:25:09] EDIT Final_Impulse/views/default/show_video_comments.html: 3
[2014-04-30 13:27:30] EDIT Final_Impulse/views/default/show_video_comments.html: 0
[2014-04-30 13:28:24] EDIT Final_Impulse/views/default/show_video_comments.html: 2
[2014-04-30 13:29:18] EDIT Final_Impulse/views/default/show_video_comments.html: 1
[2014-04-30 13:30:18] EDIT Final_Impulse/views/default/show_video_comments.html: 0
[2014-04-30 13:39:02] EDIT Final_Impulse/views/default/show_writing_comments.html: 14
[2014-04-30 13:41:19] EDIT Final_Impulse/views/default/show_video_comments.html: 0
[2014-04-30 13:47:56] EDIT Final_Impulse/models/db.py: 1
[2014-04-30 13:51:13] EDIT Final_Impulse/controllers/default.py: 4
[2014-04-30 13:51:35] EDIT Final_Impulse/controllers/default.py: 0
[2014-04-30 13:52:11] EDIT Final_Impulse/views/default/show_image_comments.html: 1
[2014-04-30 13:58:02] EDIT Final_Impulse/views/default/show_image_comments.html: 14
[2014-04-30 14:00:27] EDIT Final_Impulse/views/default/show_video_comments.html: 2
[2014-04-30 14:00:41] EDIT Final_Impulse/views/default/show_writing_comments.html: 2
[2014-04-30 15:17:35] EDIT Final_Impulse/views/default/show_video_comments.html: 0
[2014-04-30 15:19:00] EDIT Final_Impulse/views/default/show_video_comments.html: 0
[2014-04-30 15:20:10] EDIT Final_Impulse/views/default/show_video_comments.html: 0
[2014-04-30 15:20:39] EDIT Final_Impulse/views/default/show_video_comments.html: 0
[2014-04-30 15:22:47] EDIT Final_Impulse/views/default/show_video_comments.html: 0
[2014-04-30 15:23:47] EDIT Final_Impulse/views/default/show_video_comments.html: 0
[2014-05-01 14:23:20] EDIT Final_Impulse/views/default/show_video_comments.html: 0
[2014-05-01 14:27:01] EDIT Final_Impulse/views/default/show_video_comments.html: 0
[2014-05-01 14:27:07] EDIT Final_Impulse/views/default/show_video_comments.html: 0
[2014-05-01 14:27:32] EDIT Final_Impulse/views/default/show_video_comments.html: 0
[2014-05-01 14:27:53] EDIT Final_Impulse/views/default/show_video_comments.html: 0
[2014-05-01 14:32:37] EDIT Final_Impulse/views/default/show_image_comments.html: 0
[2014-05-01 14:33:25] EDIT Final_Impulse/views/default/show_image_comments.html: 0
[2014-05-01 14:40:39] EDIT Final_Impulse/views/default/show_image_comments.html: 0
[2014-05-01 14:40:44] EDIT Final_Impulse/views/default/show_image_comments.html: 0
[2014-05-01 14:50:15] EDIT Final_Impulse/controllers/default.py: 0
[2014-05-29 10:02:04] EDIT Final_Impulse/controllers/default.py: 1
[2014-05-29 10:02:30] EDIT Final_Impulse/controllers/default.py: 0
[2014-05-29 10:03:48] EDIT Final_Impulse/controllers/default.py: 1
[2014-05-29 10:03:54] EDIT Final_Impulse/controllers/default.py: 0
[2014-05-29 10:26:48] EDIT Final_Impulse/views/default/show_image_comments.html: 12
[2014-05-29 10:27:33] EDIT Final_Impulse/views/default/show_image_comments.html: 3
[2014-06-08 15:25:57] EDIT Final_Impulse/views/default/show_image_comments.html: 0
[2014-06-08 15:26:00] EDIT Final_Impulse/views/default/show_image_comments.html: 0
[2014-06-08 15:27:05] EDIT Final_Impulse/views/default/show_image_comments.html: 0
[2014-06-08 15:27:13] EDIT Final_Impulse/views/default/show_video_comments.html: 0
[2014-06-08 15:31:29] EDIT Final_Impulse/views/default/show_image_comments.html: -12
[2014-06-08 15:32:31] EDIT Final_Impulse/views/default/show_video_comments.html: 0
[2014-06-08 15:38:03] EDIT Final_Impulse/views/default/show_image_comments.html: 0
[2014-06-08 15:38:11] EDIT Final_Impulse/views/default/show_image_comments.html: 0
[2014-06-08 15:38:25] EDIT Final_Impulse/views/default/show_image_comments.html: 0
[2014-06-08 15:46:05] EDIT Final_Impulse/views/default/show_video_comments.html: 0
[2014-06-08 15:46:39] EDIT Final_Impulse/views/default/show_writing_comments.html: 1
[2014-06-08 15:46:51] EDIT Final_Impulse/views/default/show_video_comments.html: 0
[2014-06-08 15:46:52] EDIT Final_Impulse/views/default/show_writing_comments.html: 0
[2014-06-08 15:50:12] EDIT Final_Impulse/controllers/default.py: 0
[2014-06-08 15:51:38] EDIT Final_Impulse/controllers/default.py: 0
[2014-06-08 15:52:21] EDIT Final_Impulse/controllers/default.py: 0
[2014-06-08 15:52:54] EDIT Final_Impulse/controllers/default.py: 0
[2014-06-08 15:54:22] EDIT Final_Impulse/controllers/default.py: 4
[2014-06-08 15:55:18] EDIT Final_Impulse/controllers/default.py: 2
[2014-06-08 15:55:28] EDIT Final_Impulse/controllers/default.py: 0
[2014-06-08 15:55:58] EDIT Final_Impulse/controllers/default.py: 0
[2014-06-08 17:55:47] EDIT Final_Impulse/controllers/default.py: -1
[2014-06-08 18:14:26] EDIT Final_Impulse/controllers/default.py: 0
[2014-06-08 18:16:52] EDIT Final_Impulse/controllers/default.py: 0
[2014-06-08 18:17:35] EDIT Final_Impulse/controllers/default.py: 0
[2014-06-08 18:18:51] EDIT Final_Impulse/controllers/default.py: 0
[2014-06-08 18:19:41] EDIT Final_Impulse/controllers/default.py: 0
[2014-06-08 18:20:15] EDIT Final_Impulse/controllers/default.py: 0
[2014-06-08 18:20:45] EDIT Final_Impulse/views/default/show_video_comments.html: 1
[2014-06-08 18:26:19] EDIT Final_Impulse/views/default/show_video_comments.html: 1
[2014-06-08 18:26:34] EDIT Final_Impulse/views/default/show_video_comments.html: 0
[2014-06-08 18:26:57] EDIT Final_Impulse/views/default/show_video_comments.html: 0
[2014-06-08 18:27:05] EDIT Final_Impulse/views/default/show_image_comments.html: 0
[2014-06-08 18:27:15] EDIT Final_Impulse/views/default/show_video_comments.html: 0
[2014-06-08 18:27:30] EDIT Final_Impulse/views/default/show_video_comments.html: 0
[2014-06-08 18:27:47] EDIT Final_Impulse/views/default/show_video_comments.html: 1
[2014-06-08 18:28:15] EDIT Final_Impulse/views/default/show_video_comments.html: 0
[2014-06-08 18:29:05] EDIT Final_Impulse/views/default/show_video_comments.html: 1
[2014-06-08 18:29:35] EDIT Final_Impulse/views/default/show_video_comments.html: 0
[2014-06-08 18:30:02] EDIT Final_Impulse/views/default/show_video_comments.html: 1
[2014-06-08 18:30:18] EDIT Final_Impulse/views/default/show_video_comments.html: 0
[2014-06-08 18:30:50] EDIT Final_Impulse/views/default/show_video_comments.html: -1
[2014-06-09 08:47:54] EDIT Final_Impulse/views/default/show_image_comments.html: 0
[2014-06-09 08:48:10] EDIT Final_Impulse/views/default/show_image_comments.html: 0
[2014-06-09 08:48:22] EDIT Final_Impulse/views/default/show_image_comments.html: 0
[2014-06-09 08:49:07] EDIT Final_Impulse/views/default/show_image_comments.html: -1
[2014-06-09 08:49:56] EDIT Final_Impulse/views/default/show_image_comments.html: 0
[2014-06-09 08:50:21] EDIT Final_Impulse/views/default/show_image_comments.html: 0
[2014-06-09 08:50:35] EDIT Final_Impulse/views/default/show_image_comments.html: 0
[2014-06-09 08:55:39] EDIT Final_Impulse/views/default/show_image_comments.html: 0
[2014-06-09 08:55:58] EDIT Final_Impulse/views/default/show_video_comments.html: 0
[2014-06-09 08:56:07] EDIT Final_Impulse/views/default/show_writing_comments.html: 0
[2014-06-09 08:57:24] EDIT Final_Impulse/views/default/show_image_comments.html: 0
[2014-06-09 08:58:26] EDIT Final_Impulse/views/default/show_image_comments.html: 2
[2014-06-09 08:58:48] EDIT Final_Impulse/views/default/show_image_comments.html: 0
[2014-06-09 08:59:39] EDIT Final_Impulse/views/default/show_image_comments.html: 0
[2014-06-09 09:00:43] EDIT Final_Impulse/views/default/show_writing_comments.html: 2
[2014-06-09 09:02:56] EDIT Final_Impulse/models/db.py: 2
[2014-06-09 09:04:34] EDIT Final_Impulse/views/default/show_writing_comments.html: 0
[2014-06-09 09:05:03] EDIT Final_Impulse/views/default/show_writing_comments.html: 0
[2014-06-09 09:06:23] EDIT Final_Impulse/controllers/default.py: -3
[2014-06-09 09:10:27] EDIT Final_Impulse/views/default/show_video_comments.html: 0
[2014-06-09 09:10:45] EDIT Final_Impulse/views/default/show_video_comments.html: 0
[2014-06-09 09:17:51] EDIT Final_Impulse/views/layout.html: 0
[2014-06-09 09:19:30] EDIT Final_Impulse/views/layout.html: 0
[2014-06-09 09:20:43] EDIT Final_Impulse/views/layout.html: 0
[2014-06-09 09:21:16] EDIT Final_Impulse/views/layout.html: 0
[2014-06-09 09:21:55] EDIT Final_Impulse/views/layout.html: 0
[2014-06-09 09:22:21] EDIT Final_Impulse/views/layout.html: 0
[2014-06-09 09:23:19] EDIT Final_Impulse/views/default/show_image_comments.html: 0
[2014-06-09 09:23:42] EDIT Final_Impulse/views/layout.html: 1
[2014-06-09 09:23:48] EDIT Final_Impulse/views/layout.html: 0
[2014-06-09 09:24:07] EDIT Final_Impulse/views/layout.html: 0
[2014-06-09 09:24:56] EDIT Final_Impulse/views/default/show_image_comments.html: 0
[2014-06-09 09:25:11] EDIT Final_Impulse/views/default/show_video_comments.html: 0
[2014-06-09 09:25:33] EDIT Final_Impulse/views/default/show_writing_comments.html: 0
[2014-06-09 09:26:37] EDIT Final_Impulse/views/layout.html: 1
[2014-06-09 09:27:02] EDIT Final_Impulse/views/layout.html: 0
[2014-06-09 09:27:17] EDIT Final_Impulse/views/default/show_image_comments.html: 0
[2014-06-09 09:27:28] EDIT Final_Impulse/views/default/show_video_comments.html: 0
[2014-06-09 09:27:41] EDIT Final_Impulse/views/default/show_writing_comments.html: 0
[2014-06-09 09:28:27] EDIT Final_Impulse/views/default/show_video_comments.html: 0
[2014-06-09 09:28:45] EDIT Final_Impulse/views/default/show_writing_comments.html: 0
[2014-06-09 09:33:05] EDIT Final_Impulse/views/layout.html: 1
[2014-06-09 09:33:34] EDIT Final_Impulse/views/layout.html: 0
[2014-06-09 09:34:54] EDIT Final_Impulse/views/default/show_image_comments.html: 1
[2014-06-09 09:35:16] EDIT Final_Impulse/views/default/show_image_comments.html: -1
[2014-06-09 09:35:21] EDIT Final_Impulse/views/default/show_image_comments.html: 0
[2014-06-09 09:37:53] EDIT Final_Impulse/views/default/index.html: -1
[2014-06-09 09:38:27] EDIT Final_Impulse/views/default/index.html: 1
[2014-06-09 09:38:51] EDIT Final_Impulse/views/default/index.html: 0
[2014-06-09 09:39:38] EDIT Final_Impulse/views/default/show_video_comments.html: 0
[2014-06-09 09:40:47] EDIT Final_Impulse/models/db.py: 1
[2014-06-09 09:40:58] EDIT Final_Impulse/models/db.py: 2
[2014-06-09 10:14:50] EDIT Final_Impulse/views/default/show_video_comments.html: 1
[2014-06-09 10:15:27] EDIT Final_Impulse/views/default/show_video_comments.html: -1
[2014-06-09 10:15:42] EDIT Final_Impulse/controllers/default.py: 1
[2014-06-09 10:16:24] EDIT Final_Impulse/controllers/default.py: 0
[2014-06-09 10:16:49] EDIT Final_Impulse/controllers/default.py: 1
[2014-06-09 10:16:59] EDIT Final_Impulse/controllers/default.py: 1
[2014-06-09 10:22:18] EDIT Final_Impulse/views/default/show_image_comments.html: 1
[2014-06-09 10:22:35] EDIT Final_Impulse/views/default/show_image_comments.html: 0
[2014-06-09 10:24:06] EDIT Final_Impulse/views/default/show_image_comments.html: 1
[2014-06-09 10:24:17] EDIT Final_Impulse/views/default/show_image_comments.html: -1
[2014-06-09 10:25:12] EDIT Final_Impulse/views/default/show_image_comments.html: 0
[2014-06-09 10:25:25] EDIT Final_Impulse/views/default/show_image_comments.html: 0
[2014-06-09 10:25:39] EDIT Final_Impulse/views/default/show_image_comments.html: 0
[2014-06-09 10:26:33] EDIT Final_Impulse/views/default/show_image_comments.html: 0
[2014-06-09 10:26:43] EDIT Final_Impulse/views/default/show_video_comments.html: 1
[2014-06-09 10:26:57] EDIT Final_Impulse/views/default/show_writing_comments.html: 1
[2014-06-09 10:36:23] EDIT Final_Impulse/views/default/show_image_comments.html: 1
[2014-06-09 10:37:37] EDIT Final_Impulse/views/default/show_image_comments.html: -2
[2014-06-09 10:38:12] EDIT Final_Impulse/views/default/show_writing_comments.html: -2
[2014-06-09 10:38:20] EDIT Final_Impulse/views/default/show_video_comments.html: -1
[2014-06-09 10:39:18] EDIT Final_Impulse/views/default/show_writing_comments.html: 1
[2014-06-09 10:39:59] EDIT Final_Impulse/views/default/show_video_comments.html: 0
[2014-06-09 10:57:11] EDIT Final_Impulse/controllers/default.py: -10
[2014-06-09 10:57:21] EDIT Final_Impulse/controllers/default.py: 0
[2014-06-09 10:58:03] CREATE default/approve.html: 0
[2014-06-09 10:58:09] EDIT Final_Impulse/views/default/approve.html: -2
[2014-06-09 11:00:08] DELETE Final_Impulse/views/default/approve.html: -1
[2014-06-09 11:00:15] CREATE default/all_media.html: 0
[2014-06-09 11:00:18] EDIT Final_Impulse/views/default/all_media.html: -2
[2014-06-09 11:00:32] CREATE default/update_approve.html: 0
[2014-06-09 11:00:35] EDIT Final_Impulse/views/default/update_approve.html: -2
[2014-06-09 11:03:21] EDIT Final_Impulse/controllers/default.py: 4
[2014-06-09 11:07:03] EDIT Final_Impulse/controllers/default.py: 21
[2014-06-09 11:07:11] EDIT Final_Impulse/controllers/default.py: 0
[2014-06-09 11:07:35] EDIT Final_Impulse/controllers/default.py: 1
[2014-06-09 11:08:03] EDIT Final_Impulse/controllers/default.py: 1
[2014-06-09 11:20:29] EDIT Final_Impulse/views/default/all_media.html: 17
[2014-06-09 11:23:05] EDIT Final_Impulse/models/db.py: 0
[2014-06-09 11:23:26] EDIT Final_Impulse/models/db.py: 0
[2014-06-09 11:24:01] EDIT Final_Impulse/controllers/default.py: -1
[2014-06-10 23:45:21] EDIT Final_Impulse/controllers/default.py: 0
